Sun 02 Oct 2022 09:13:01 WAT
               total        used        free      shared  buff/cache   available
Mem:         8140596     1373576      672796       48868     6094224     6422068
Swap:        1435216        3096     1432120
Sun 02 Oct 2022 09:14:01 WAT
               total        used        free      shared  buff/cache   available
Mem:         8140596     1373292      673056       48868     6094248     6422344
Swap:        1435216        3096     1432120
Sun 02 Oct 2022 09:15:01 WAT
               total        used        free      shared  buff/cache   available
Mem:         8140596     1373152      673056       48868     6094388     6422484
Swap:        1435216        3096     1432120
Sun 02 Oct 2022 09:16:01 WAT
               total        used        free      shared  buff/cache   available
Mem:         8140596     1373044      673056       48868     6094496     6422596
Swap:        1435216        3096     1432120
Sun 02 Oct 2022 09:17:01 WAT
               total        used        free      shared  buff/cache   available
Mem:         8140596     1373036      673056       48868     6094504     6422608
Swap:        1435216        3096     1432120
Sun 02 Oct 2022 09:18:01 WAT
               total        used        free      shared  buff/cache   available
Mem:         8140596     1373004      673064       48868     6094528     6422640
Swap:        1435216        3096     1432120
Sun 02 Oct 2022 09:19:01 WAT
               total        used        free      shared  buff/cache   available
Mem:         8140596     1373240      672820       48868     6094536     6422404
Swap:        1435216        3096     1432120
Sun 02 Oct 2022 09:20:01 WAT
               total        used        free      shared  buff/cache   available
Mem:         8140596     1373708      672320       48868     6094568     6421936
Swap:        1435216        3096     1432120
Sun 02 Oct 2022 09:21:01 WAT
               total        used        free      shared  buff/cache   available
Mem:         8140596     1366168      690220       38460     6084208     6439884
Swap:        1435216        3096     1432120
Sun 02 Oct 2022 09:22:02 WAT
               total        used        free      shared  buff/cache   available
Mem:         8140596     1366152      690220       38460     6084224     6439900
Swap:        1435216        3096     1432120
Sun 02 Oct 2022 09:23:01 WAT
               total        used        free      shared  buff/cache   available
Mem:         8140596     1366136      690220       38460     6084240     6439916
Swap:        1435216        3096     1432120
Sun 02 Oct 2022 09:24:01 WAT
               total        used        free      shared  buff/cache   available
Mem:         8140596     1366108      690224       38460     6084264     6439944
Swap:        1435216        3096     1432120
Sun 02 Oct 2022 09:25:01 WAT
               total        used        free      shared  buff/cache   available
Mem:         8140596     1366080      690228       38460     6084288     6439972
Swap:        1435216        3096     1432120
Sun 02 Oct 2022 09:26:01 WAT
               total        used        free      shared  buff/cache   available
Mem:         8140596     1365976      690228       38460     6084392     6440068
Swap:        1435216        3096     1432120
Sun 02 Oct 2022 09:27:01 WAT
               total        used        free      shared  buff/cache   available
Mem:         8140596     1365980      690208       38460     6084408     6440072
Swap:        1435216        3096     1432120
Sun 02 Oct 2022 09:28:01 WAT
               total        used        free      shared  buff/cache   available
Mem:         8140596     1366192      689980       38460     6084424     6439860
Swap:        1435216        3096     1432120
Sun 02 Oct 2022 09:29:01 WAT
               total        used        free      shared  buff/cache   available
Mem:         8140596     1372504      670848       51188     6097244     6420808
Swap:        1435216        3096     1432120
Sun 02 Oct 2022 09:30:01 WAT
               total        used        free      shared  buff/cache   available
Mem:         8140596     1370772      674884       48868     6094940     6424872
Swap:        1435216        3096     1432120
Sun 02 Oct 2022 09:31:01 WAT
               total        used        free      shared  buff/cache   available
Mem:         8140596     1370704      674884       48868     6095008     6424940
Swap:        1435216        3096     1432120
Sun 02 Oct 2022 09:32:01 WAT
               total        used        free      shared  buff/cache   available
Mem:         8140596     1370940      674632       48868     6095024     6424704
Swap:        1435216        3096     1432120
Sun 02 Oct 2022 09:33:01 WAT
               total        used        free      shared  buff/cache   available
Mem:         8140596     1370916      674632       48868     6095048     6424728
Swap:        1435216        3096     1432120
Sun 02 Oct 2022 09:34:01 WAT
               total        used        free      shared  buff/cache   available
Mem:         8140596     1370872      674632       48868     6095092     6424772
Swap:        1435216        3096     1432120
Sun 02 Oct 2022 09:35:01 WAT
               total        used        free      shared  buff/cache   available
Mem:         8140596     1370840      674632       48868     6095124     6424804
Swap:        1435216        3096     1432120
Sun 02 Oct 2022 09:36:01 WAT
               total        used        free      shared  buff/cache   available
Mem:         8140596     1370788      674632       48868     6095176     6424856
Swap:        1435216        3096     1432120
Sun 02 Oct 2022 09:37:01 WAT
               total        used        free      shared  buff/cache   available
Mem:         8140596     1370772      674632       48868     6095192     6424872
Swap:        1435216        3096     1432120
Sun 02 Oct 2022 09:38:01 WAT
               total        used        free      shared  buff/cache   available
Mem:         8140596     1370944      674380       48868     6095272     6424696
Swap:        1435216        3096     1432120
Sun 02 Oct 2022 09:39:01 WAT
               total        used        free      shared  buff/cache   available
Mem:         8140596     1371684      673624       48868     6095288     6423960
Swap:        1435216        3096     1432120
Sun 02 Oct 2022 09:40:01 WAT
               total        used        free      shared  buff/cache   available
Mem:         8140596     1292912      751844       48868     6095840     6502732
Swap:        1435216        3096     1432120
Sun 02 Oct 2022 09:41:01 WAT
               total        used        free      shared  buff/cache   available
Mem:         8140596     1292856      751844       48868     6095896     6502788
Swap:        1435216        3096     1432120
Sun 02 Oct 2022 09:42:01 WAT
               total        used        free      shared  buff/cache   available
Mem:         8140596     1292840      751844       48868     6095912     6502804
Swap:        1435216        3096     1432120
Sun 02 Oct 2022 09:43:01 WAT
               total        used        free      shared  buff/cache   available
Mem:         8140596     1293548      751112       48868     6095936     6502096
Swap:        1435216        3096     1432120
Sun 02 Oct 2022 09:44:01 WAT
               total        used        free      shared  buff/cache   available
Mem:         8140596     1293404      751112       48868     6096080     6502240
Swap:        1435216        3096     1432120
Sun 02 Oct 2022 09:45:01 WAT
               total        used        free      shared  buff/cache   available
Mem:         8140596     1292748      751112       48868     6096736     6502896
Swap:        1435216        3096     1432120
Sun 02 Oct 2022 09:46:01 WAT
               total        used        free      shared  buff/cache   available
Mem:         8140596     1292704      751112       48868     6096780     6502940
Swap:        1435216        3096     1432120
Sun 02 Oct 2022 09:47:01 WAT
               total        used        free      shared  buff/cache   available
Mem:         8140596     1292696      751112       48868     6096788     6502948
Swap:        1435216        3096     1432120
Sun 02 Oct 2022 09:48:02 WAT
               total        used        free      shared  buff/cache   available
Mem:         8140596     1292864      750860       48868     6096872     6502776
Swap:        1435216        3096     1432120
Sun 02 Oct 2022 09:49:01 WAT
               total        used        free      shared  buff/cache   available
Mem:         8140596     1293100      750608       48868     6096888     6502544
Swap:        1435216        3096     1432120
Sun 02 Oct 2022 09:50:01 WAT
               total        used        free      shared  buff/cache   available
Mem:         8140596     1293084      750608       48868     6096904     6502560
Swap:        1435216        3096     1432120
Sun 02 Oct 2022 09:51:01 WAT
               total        used        free      shared  buff/cache   available
Mem:         8140596     1293052      750608       48868     6096936     6502592
Swap:        1435216        3096     1432120
Sun 02 Oct 2022 09:52:01 WAT
               total        used        free      shared  buff/cache   available
Mem:         8140596     1293540      750104       48868     6096952     6502104
Swap:        1435216        3096     1432120
Sun 02 Oct 2022 09:53:01 WAT
               total        used        free      shared  buff/cache   available
Mem:         8140596     1294280      749348       48868     6096968     6501364
Swap:        1435216        3096     1432120
Sun 02 Oct 2022 09:54:01 WAT
               total        used        free      shared  buff/cache   available
Mem:         8140596     1294504      749108       48868     6096984     6501140
Swap:        1435216        3096     1432120
Sun 02 Oct 2022 09:55:01 WAT
               total        used        free      shared  buff/cache   available
Mem:         8140596     1294740      748856       48868     6097000     6500904
Swap:        1435216        3096     1432120
Sun 02 Oct 2022 09:56:01 WAT
               total        used        free      shared  buff/cache   available
Mem:         8140596     1294968      748604       48868     6097024     6500676
Swap:        1435216        3096     1432120
Sun 02 Oct 2022 09:57:01 WAT
               total        used        free      shared  buff/cache   available
Mem:         8140596     1294936      748604       48868     6097056     6500708
Swap:        1435216        3096     1432120
Sun 02 Oct 2022 09:58:01 WAT
               total        used        free      shared  buff/cache   available
Mem:         8140596     1294856      748604       48868     6097136     6500780
Swap:        1435216        3096     1432120
Sun 02 Oct 2022 09:59:01 WAT
               total        used        free      shared  buff/cache   available
Mem:         8140596     1294828      748604       48868     6097164     6500816
Swap:        1435216        3096     1432120
Sun 02 Oct 2022 10:00:01 WAT
               total        used        free      shared  buff/cache   available
Mem:         8140596     1295072      748352       48868     6097172     6500572
Swap:        1435216        3096     1432120
Sun 02 Oct 2022 10:01:01 WAT
               total        used        free      shared  buff/cache   available
Mem:         8140596     1295024      748352       48868     6097220     6500620
Swap:        1435216        3096     1432120
Sun 02 Oct 2022 10:02:01 WAT
               total        used        free      shared  buff/cache   available
Mem:         8140596     1288012      765748       38460     6086836     6518040
Swap:        1435216        3096     1432120
Sun 02 Oct 2022 10:03:01 WAT
               total        used        free      shared  buff/cache   available
Mem:         8140596     1309608      733528       48868     6097460     6486028
Swap:        1435216        3096     1432120
Sun 02 Oct 2022 10:04:01 WAT
               total        used        free      shared  buff/cache   available
Mem:         8140596     1309300      733276       48868     6098020     6486344
Swap:        1435216        3096     1432120
Sun 02 Oct 2022 10:05:01 WAT
               total        used        free      shared  buff/cache   available
Mem:         8140596     1333452      704036       48880     6103108     6462180
Swap:        1435216        3096     1432120
Sun 02 Oct 2022 10:06:01 WAT
               total        used        free      shared  buff/cache   available
Mem:         8140596     1334376      693752       48880     6112468     6461256
Swap:        1435216        3096     1432120
Sun 02 Oct 2022 10:07:01 WAT
               total        used        free      shared  buff/cache   available
Mem:         8140596     1316704      650056       48992     6173836     6478816
Swap:        1435216        3096     1432120
Sun 02 Oct 2022 10:08:01 WAT
               total        used        free      shared  buff/cache   available
Mem:         8140596     1316828      641316       48992     6182452     6478680
Swap:        1435216        3096     1432120
Sun 02 Oct 2022 10:09:01 WAT
               total        used        free      shared  buff/cache   available
Mem:         8140596     1316764      641268       48992     6182564     6478756
Swap:        1435216        3096     1432120
Sun 02 Oct 2022 10:10:01 WAT
               total        used        free      shared  buff/cache   available
Mem:         8140596     1316856      641124       48992     6182616     6478664
Swap:        1435216        3096     1432120
Sun 02 Oct 2022 10:11:01 WAT
               total        used        free      shared  buff/cache   available
Mem:         8140596     1303920      653844       48992     6182832     6491600
Swap:        1435216        3096     1432120
Sun 02 Oct 2022 10:12:01 WAT
               total        used        free      shared  buff/cache   available
Mem:         8140596     1304356      653344       48992     6182896     6491164
Swap:        1435216        3096     1432120
Sun 02 Oct 2022 10:13:01 WAT
               total        used        free      shared  buff/cache   available
Mem:         8140596     1304792      652852       48992     6182952     6490728
Swap:        1435216        3096     1432120
Sun 02 Oct 2022 10:14:02 WAT
               total        used        free      shared  buff/cache   available
Mem:         8140596     1304728      652852       48992     6183016     6490792
Swap:        1435216        3096     1432120
Sun 02 Oct 2022 10:15:01 WAT
               total        used        free      shared  buff/cache   available
Mem:         8140596     1304664      652852       48992     6183080     6490856
Swap:        1435216        3096     1432120
Sun 02 Oct 2022 10:16:01 WAT
               total        used        free      shared  buff/cache   available
Mem:         8140596     1305084      652348       48992     6183164     6490436
Swap:        1435216        3096     1432120
Sun 02 Oct 2022 10:20:01 WAT
               total        used        free      shared  buff/cache   available
Mem:         8140596     1302840      654132       48992     6183624     6492660
Swap:        1435216        3096     1432120
Mon 03 Oct 2022 07:40:01 WAT
               total        used        free      shared  buff/cache   available
Mem:         8140592     1760532     4129476       67936     2250584     6054868
Swap:        1435216           0     1435216
Mon 03 Oct 2022 07:43:01 WAT
               total        used        free      shared  buff/cache   available
Mem:         8140592     1761560     4121488       74148     2257544     6047660
Swap:        1435216           0     1435216
Mon 03 Oct 2022 08:03:07 WAT
               total        used        free      shared  buff/cache   available
Mem:         8140592     1009900     5686948       54512     1443744     6833824
Swap:        1435216           0     1435216
---
